<?xml version="1.0" encoding="UTF-8" ?>
<testsuite errors="0" failures="0" hostname="Vasudevas-MacBook-Pro.local" name="TreeTest" tests="1" time="1.033" timestamp="2013-04-16T16:32:51">
  <properties />
  <testcase classname="TreeTest" name="testGetAllCategories" time="0.996" />
  <system-out><![CDATA[]]></system-out>
  <system-err><![CDATA[--Output from testGetAllCategories--
]]></system-err>
</testsuite>
